C51 COMPILER V9.60.0.0   MAIN                                                              05/31/2022 11:12:46 PAGE 1   


C51 COMPILER V9.60.0.0, COMPILATION OF MODULE MAIN
OBJECT MODULE PLACED IN .\Objects\main.obj
COMPILER INVOKED BY: C:\Keil_v5\C51\BIN\C51.EXE main.c OPTIMIZE(8,SPEED) BROWSE DEBUG OBJECTEXTEND PRINT(.\Listings\main
                    -.lst) TABS(2) OBJECT(.\Objects\main.obj)

line level    source

   1          #include <reg51.h>
   2          #include <string.h>
   3          #include <intrins.h>
   4          #define uchar unsigned char
   5          #define uint unsigned int
   6            
   7          uchar code table0[] = {"noiseTHD  set:20"}; // 每行的字符数据
   8          uchar code table1[] = {"dB:00"};
   9          uchar code table2[] = {"0123456789"};
  10          sbit lcdrs = P2^5; // LCD数据/命令选择端
  11          sbit lcdrw = P2^6; // LCD读写选择端
  12          sbit lcden = P2^7; // LCD使能端，高脉冲有效
  13          sbit k1 = P0^0;
  14          sbit beep = P0^1;
  15          uchar num, ge = 0, shi = 0;
  16          short int i=0;
  17          
  18          void init();
  19          void displayInit();
  20          void sigScan();
  21          void writeCommand(uchar command);
  22          void delay(uchar xms);
  23          void writeData(uchar dat);
  24          void InitTimer0(void);
  25          
  26          void main()
  27          {
  28   1        init();
  29   1        InitTimer0();
  30   1        displayInit();
  31   1        beep = 0;
  32   1        while(1)
  33   1        { 
  34   2          sigScan();
  35   2          if(shi>=2)
  36   2            {
  37   3              beep = 1;
  38   3              delay(1000);
  39   3              beep = 0;
  40   3            }
  41   2        }
  42   1      }
  43          
  44          /*初始化LCD1602的设置*/
  45          void init()
  46          {
  47   1        lcden = 0; // 拉低使能端，准备产生使能高脉冲信号
  48   1        writeCommand(0x38); // 显示模式设置(16x2， 5x7点阵，8位数据接口)
  49   1        writeCommand(0x0c); // 开显示，不显示光标
  50   1        writeCommand(0x06); // 写一个字符后地址指针自动加1
  51   1        writeCommand(0x01); // 显示清零，数据指针清零
  52   1      }
  53          
  54          /*LCD上电界面*/
C51 COMPILER V9.60.0.0   MAIN                                                              05/31/2022 11:12:46 PAGE 2   

  55          void displayInit()
  56          {
  57   1        writeCommand(0x80); // 将数据指针定位到第一行首
  58   1        for(num = 0; num < strlen(table0); num++)
  59   1        {
  60   2          writeData(table0[num]);
  61   2          delay(5);
  62   2        }
  63   1        
  64   1        writeCommand(0x80 + 0x40); // 将数据指针定位到第二行首
  65   1        for(num = 0; num < strlen(table1); num++)
  66   1        {
  67   2          writeData(table1[num]);
  68   2          delay(5);
  69   2        }
  70   1      }
  71          
  72          /*按键扫描*/
  73          void sigScan()
  74          {
  75   1        writeCommand(0x80 + 0x40 + strlen(table1) - 0x01);
  76   1        if(!k1)
  77   1        {
  78   2      
  79   2      //      while(!k1);
  80   2            ge++;
  81   2            if(ge == 10)
  82   2            {
  83   3              ge = 0;
  84   3              shi++;
  85   3              if(shi == 10)
  86   3              {
  87   4                shi = 0;
  88   4                displayInit();
  89   4              }else{
  90   4                writeCommand(0x80 + 0x40 + strlen(table1) - 0x02);
  91   4                writeData(table2[shi]);
  92   4                writeCommand(0x80 + 0x40 + strlen(table1) - 0x01);
  93   4                writeData(table2[ge]);
  94   4              }
  95   3            }else{
  96   3              writeData(table2[ge]);
  97   3            }
  98   2          }
  99   1      }
 100          
 101          
 102          
 103          
 104          /*写指令函数*/
 105          void writeCommand(uchar command)
 106          {
 107   1        lcdrs = 0; // 命令选择
 108   1        lcdrw = 0;
 109   1        P1 = command;
 110   1        delay(5);
 111   1        
 112   1        lcden = 1; // 产生一个正脉冲使能信号
 113   1        delay(5);
 114   1        lcden = 0;
 115   1      }
 116          
C51 COMPILER V9.60.0.0   MAIN                                                              05/31/2022 11:12:46 PAGE 3   

 117          /*写数据函数*/
 118          void writeData(uchar dat)
 119          {
 120   1        lcdrs = 1; // 数据选择
 121   1        lcdrw = 0;
 122   1        P1 = dat;
 123   1        delay(5);
 124   1        
 125   1        lcden = 1;
 126   1        delay(5);
 127   1        lcden = 0;
 128   1      }
 129          
 130          /*延时函数*/
 131          void delay(uchar xms)
 132          {
 133   1        uint i, j;
 134   1        for(i = xms; i > 0; i--)
 135   1          for(j = 110; j > 0; j--);
 136   1      }
 137          
 138          
 139          //*****timer*****//
 140          void InitTimer0(void)
 141          {
 142   1          TMOD = 0x01;
 143   1          TH0 = 0x3C;
 144   1          TL0 = 0x0B0;
 145   1          EA = 1;
 146   1          ET0 = 1;
 147   1          TR0 = 1;
 148   1      }
 149          
 150          void Timer0Interrupt(void) interrupt 1
 151          {
 152   1          TH0 = 0x3C;
 153   1          TL0 = 0x0B0;
 154   1          //add your code here!
 155   1          i++;
 156   1        if(i>=20)
 157   1        {
 158   2          ge=0;
 159   2          shi=0;
 160   2          i=0;
 161   2        }
 162   1      }
 163          
 164          //*****timer*****//


MODULE INFORMATION:   STATIC OVERLAYABLE
   CODE SIZE        =    374    ----
   CONSTANT SIZE    =     34    ----
   XDATA SIZE       =   ----    ----
   PDATA SIZE       =   ----    ----
   DATA SIZE        =      5    ----
   IDATA SIZE       =   ----    ----
   BIT SIZE         =   ----    ----
END OF MODULE INFORMATION.


C51 COMPILATION COMPLETE.  0 WARNING(S),  0 ERROR(S)
